mode: set
/home/discorre/vscodeproj/thierdLaba/go/myHashMap.go:17.71,20.32 3 1
/home/discorre/vscodeproj/thierdLaba/go/myHashMap.go:20.32,22.3 1 1
/home/discorre/vscodeproj/thierdLaba/go/myHashMap.go:23.2,23.11 1 1
/home/discorre/vscodeproj/thierdLaba/go/myHashMap.go:29.44,32.27 3 1
/home/discorre/vscodeproj/thierdLaba/go/myHashMap.go:32.27,34.3 1 1
/home/discorre/vscodeproj/thierdLaba/go/myHashMap.go:35.2,35.18 1 1
/home/discorre/vscodeproj/thierdLaba/go/myHashMap.go:39.51,42.12 3 1
/home/discorre/vscodeproj/thierdLaba/go/myHashMap.go:42.12,45.3 2 1
/home/discorre/vscodeproj/thierdLaba/go/myHashMap.go:46.2,46.19 1 1
/home/discorre/vscodeproj/thierdLaba/go/myHashMap.go:50.49,52.51 2 1
/home/discorre/vscodeproj/thierdLaba/go/myHashMap.go:52.51,54.3 1 1
/home/discorre/vscodeproj/thierdLaba/go/myHashMap.go:54.8,56.3 1 1
/home/discorre/vscodeproj/thierdLaba/go/myHashMap.go:60.46,62.34 2 1
/home/discorre/vscodeproj/thierdLaba/go/myHashMap.go:62.34,64.3 1 1
/home/discorre/vscodeproj/thierdLaba/go/myHashMap.go:65.2,65.12 1 1
/home/discorre/vscodeproj/thierdLaba/go/myHashMap.go:69.36,70.32 1 1
/home/discorre/vscodeproj/thierdLaba/go/myHashMap.go:70.32,73.3 2 1
/home/discorre/vscodeproj/thierdLaba/go/myHashMap.go:77.62,79.16 2 1
/home/discorre/vscodeproj/thierdLaba/go/myHashMap.go:79.16,81.3 1 0
/home/discorre/vscodeproj/thierdLaba/go/myHashMap.go:82.2,83.35 2 1
/home/discorre/vscodeproj/thierdLaba/go/myHashMap.go:83.35,84.43 1 1
/home/discorre/vscodeproj/thierdLaba/go/myHashMap.go:84.43,86.10 2 1
/home/discorre/vscodeproj/thierdLaba/go/myHashMap.go:86.10,88.5 1 1
/home/discorre/vscodeproj/thierdLaba/go/myHashMap.go:91.2,91.12 1 1
/home/discorre/vscodeproj/thierdLaba/go/myHashMap.go:95.64,97.16 2 1
/home/discorre/vscodeproj/thierdLaba/go/myHashMap.go:97.16,99.3 1 0
/home/discorre/vscodeproj/thierdLaba/go/myHashMap.go:100.2,104.6 5 1
/home/discorre/vscodeproj/thierdLaba/go/myHashMap.go:104.6,106.17 2 1
/home/discorre/vscodeproj/thierdLaba/go/myHashMap.go:106.17,107.9 1 1
/home/discorre/vscodeproj/thierdLaba/go/myHashMap.go:109.3,109.22 1 1
/home/discorre/vscodeproj/thierdLaba/go/myHashMap.go:111.2,111.12 1 1
/home/discorre/vscodeproj/thierdLaba/go/myHashMap.go:115.36,116.35 1 1
/home/discorre/vscodeproj/thierdLaba/go/myHashMap.go:116.35,118.3 1 1
/home/discorre/vscodeproj/thierdLaba/go/myHashMap.go:122.68,124.16 2 1
/home/discorre/vscodeproj/thierdLaba/go/myHashMap.go:124.16,126.3 1 0
/home/discorre/vscodeproj/thierdLaba/go/myHashMap.go:127.2,131.16 4 1
/home/discorre/vscodeproj/thierdLaba/go/myHashMap.go:131.16,133.3 1 0
/home/discorre/vscodeproj/thierdLaba/go/myHashMap.go:134.2,134.12 1 1
/home/discorre/vscodeproj/thierdLaba/go/myHashMap.go:138.70,140.16 2 1
/home/discorre/vscodeproj/thierdLaba/go/myHashMap.go:140.16,142.3 1 0
/home/discorre/vscodeproj/thierdLaba/go/myHashMap.go:143.2,147.16 4 1
/home/discorre/vscodeproj/thierdLaba/go/myHashMap.go:147.16,149.3 1 0
/home/discorre/vscodeproj/thierdLaba/go/myHashMap.go:150.2,150.12 1 1
/home/discorre/vscodeproj/thierdLaba/go/myList.go:20.53,22.2 1 1
/home/discorre/vscodeproj/thierdLaba/go/myList.go:25.49,27.19 2 1
/home/discorre/vscodeproj/thierdLaba/go/myList.go:27.19,30.3 2 1
/home/discorre/vscodeproj/thierdLaba/go/myList.go:30.8,33.3 2 1
/home/discorre/vscodeproj/thierdLaba/go/myList.go:34.2,34.12 1 1
/home/discorre/vscodeproj/thierdLaba/go/myList.go:38.46,41.21 3 1
/home/discorre/vscodeproj/thierdLaba/go/myList.go:41.21,42.25 1 1
/home/discorre/vscodeproj/thierdLaba/go/myList.go:42.25,44.4 1 1
/home/discorre/vscodeproj/thierdLaba/go/myList.go:45.3,45.25 1 1
/home/discorre/vscodeproj/thierdLaba/go/myList.go:47.2,47.25 1 1
/home/discorre/vscodeproj/thierdLaba/go/myList.go:51.55,52.36 1 1
/home/discorre/vscodeproj/thierdLaba/go/myList.go:52.36,56.3 3 1
/home/discorre/vscodeproj/thierdLaba/go/myList.go:57.2,58.29 2 1
/home/discorre/vscodeproj/thierdLaba/go/myList.go:58.29,60.3 1 1
/home/discorre/vscodeproj/thierdLaba/go/myList.go:61.2,61.41 1 1
/home/discorre/vscodeproj/thierdLaba/go/myList.go:65.43,68.21 3 1
/home/discorre/vscodeproj/thierdLaba/go/myList.go:68.21,69.25 1 1
/home/discorre/vscodeproj/thierdLaba/go/myList.go:69.25,70.19 1 1
/home/discorre/vscodeproj/thierdLaba/go/myList.go:70.19,72.5 1 0
/home/discorre/vscodeproj/thierdLaba/go/myList.go:72.10,74.5 1 1
/home/discorre/vscodeproj/thierdLaba/go/myList.go:75.4,75.25 1 1
/home/discorre/vscodeproj/thierdLaba/go/myList.go:75.25,77.5 1 1
/home/discorre/vscodeproj/thierdLaba/go/myList.go:78.4,79.15 2 1
/home/discorre/vscodeproj/thierdLaba/go/myList.go:81.3,82.25 2 1
/home/discorre/vscodeproj/thierdLaba/go/myList.go:84.2,84.14 1 1
/home/discorre/vscodeproj/thierdLaba/go/myList.go:88.32,90.21 2 1
/home/discorre/vscodeproj/thierdLaba/go/myList.go:90.21,93.3 2 1
/home/discorre/vscodeproj/thierdLaba/go/myList.go:94.2,94.15 1 1
/home/discorre/vscodeproj/thierdLaba/go/myList.go:98.35,100.2 1 1
/home/discorre/vscodeproj/thierdLaba/go/myList.go:103.32,107.2 3 1
